C51 COMPILER V6.12  BEEP_SIMPLE                                                            06/04/2013 08:37:24 PAGE 1   


C51 COMPILER V6.12, COMPILATION OF MODULE BEEP_SIMPLE
OBJECT MODULE PLACED IN .\beep_simple.OBJ
COMPILER INVOKED BY: C:\dev\Keil\C51\BIN\C51.EXE .\beep_simple.c DEBUG OBJECTEXTEND

stmt level    source

   1          #include <reg52.h>
   2          
   3          sbit beep = P2^3;
   4          
   5          void main()
   6          {
   7   1      	beep = 0;
   8   1      
   9   1      	while(1);
  10   1      }


MODULE INFORMATION:   STATIC OVERLAYABLE
   CODE SIZE        =      4    ----
   CONSTANT SIZE    =   ----    ----
   XDATA SIZE       =   ----    ----
   PDATA SIZE       =   ----    ----
   DATA SIZE        =   ----    ----
   IDATA SIZE       =   ----    ----
   BIT SIZE         =   ----    ----
END OF MODULE INFORMATION.


C51 COMPILATION COMPLETE.  0 WARNING(S),  0 ERROR(S)
